2020-12-11 13:24:28 e720 [INFO] [[ EntertainmentMedia [mediaId=0, price=10.0, type=Movie, name=Hot Fuzz, copyrightOwner=Simon Pegg, releaseDate=2009-01-01 00:00:00, rating=9, recommendedAgeRange=[13, 65]]
 Movie [runtime=122.0, credits=[Simon Pegg, Nick Frost]]], [ EntertainmentMedia [mediaId=0, price=1.0, type=Movie, name=Cats, copyrightOwner=Lloyd Weber, releaseDate=2019-10-01 00:00:00, rating=1, recommendedAgeRange=[13, 65]]
 Movie [runtime=300.0, credits=[Taylor Swift, Idris Elba, Judy Dench]]], [ EntertainmentMedia [mediaId=0, price=5.99, type=Movie, name=Harry Potter and the Philosopher's Stone, copyrightOwner=JK Rolwing, releaseDate=2001-11-01 00:00:00, rating=10, recommendedAgeRange=[1, 100]]
 Movie [runtime=159.0, credits=[Daniel Radcliffe, Emma Watson, Rupert Grint]]]]
2020-12-11 13:24:28 e720 [INFO] Server has Started
2020-12-11 13:24:58 e720 [INFO] [[ EntertainmentMedia [mediaId=0, price=10.0, type=Movie, name=Hot Fuzz, copyrightOwner=Simon Pegg, releaseDate=2009-01-01 00:00:00, rating=9, recommendedAgeRange=[13, 65]]
 Movie [runtime=122.0, credits=[Simon Pegg, Nick Frost]]], [ EntertainmentMedia [mediaId=0, price=1.0, type=Movie, name=Cats, copyrightOwner=Lloyd Weber, releaseDate=2019-10-01 00:00:00, rating=1, recommendedAgeRange=[13, 65]]
 Movie [runtime=300.0, credits=[Taylor Swift, Idris Elba, Judy Dench]]], [ EntertainmentMedia [mediaId=0, price=5.99, type=Movie, name=Harry Potter and the Philosopher's Stone, copyrightOwner=JK Rolwing, releaseDate=2001-11-01 00:00:00, rating=10, recommendedAgeRange=[1, 100]]
 Movie [runtime=159.0, credits=[Daniel Radcliffe, Emma Watson, Rupert Grint]]]]
2020-12-11 13:24:58 e720 [INFO] Server has Started
2020-12-11 13:25:31 e720 [INFO] [[ EntertainmentMedia [mediaId=0, price=10.0, type=Movie, name=Hot Fuzz, copyrightOwner=Simon Pegg, releaseDate=2009-01-01 00:00:00, rating=9, recommendedAgeRange=[13, 65]]
 Movie [runtime=122.0, credits=[Simon Pegg, Nick Frost]]], [ EntertainmentMedia [mediaId=0, price=1.0, type=Movie, name=Cats, copyrightOwner=Lloyd Weber, releaseDate=2019-10-01 00:00:00, rating=1, recommendedAgeRange=[13, 65]]
 Movie [runtime=300.0, credits=[Taylor Swift, Idris Elba, Judy Dench]]], [ EntertainmentMedia [mediaId=0, price=5.99, type=Movie, name=Harry Potter and the Philosopher's Stone, copyrightOwner=JK Rolwing, releaseDate=2001-11-01 00:00:00, rating=10, recommendedAgeRange=[1, 100]]
 Movie [runtime=159.0, credits=[Daniel Radcliffe, Emma Watson, Rupert Grint]]]]
2020-12-11 13:25:31 e720 [INFO] Server has Started
2020-12-11 13:41:34 e720 [INFO] Server has Started
2020-12-11 13:41:35 e720 [INFO] [[ EntertainmentMedia [mediaId=0, price=10.0, type=Movie, name=Hot Fuzz, copyrightOwner=Simon Pegg, releaseDate=2009-01-01 00:00:00, rating=9, recommendedAgeRange=[13, 65]]
 Movie [runtime=122.0, credits=[Simon Pegg, Nick Frost]]], [ EntertainmentMedia [mediaId=0, price=1.0, type=Movie, name=Cats, copyrightOwner=Lloyd Weber, releaseDate=2019-10-01 00:00:00, rating=1, recommendedAgeRange=[13, 65]]
 Movie [runtime=300.0, credits=[Taylor Swift, Idris Elba, Judy Dench]]], [ EntertainmentMedia [mediaId=0, price=5.99, type=Movie, name=Harry Potter and the Philosopher's Stone, copyrightOwner=JK Rolwing, releaseDate=2001-11-01 00:00:00, rating=10, recommendedAgeRange=[1, 100]]
 Movie [runtime=159.0, credits=[Daniel Radcliffe, Emma Watson, Rupert Grint]]]]
2020-12-11 15:13:58 e720 [INFO] []
2020-12-11 15:13:58 e720 [INFO] Server has Started
2020-12-11 15:17:53 e720 [INFO] [[ EntertainmentMedia [mediaId=0, price=10.0, type=Movie, name=Hot Fuzz, copyrightOwner=Simon Pegg, releaseDate=2009-01-01 00:00:00, rating=9, recommendedAgeRange=[13, 65]]
 Movie [runtime=122.0, credits=[Simon Pegg, Nick Frost]]], [ EntertainmentMedia [mediaId=0, price=1.0, type=Movie, name=Cats, copyrightOwner=Lloyd Weber, releaseDate=2019-10-01 00:00:00, rating=1, recommendedAgeRange=[13, 65]]
 Movie [runtime=300.0, credits=[Taylor Swift, Idris Elba, Judy Dench]]], [ EntertainmentMedia [mediaId=0, price=5.99, type=Movie, name=Harry Potter and the Philosopher's Stone, copyrightOwner=JK Rolwing, releaseDate=2001-11-01 00:00:00, rating=10, recommendedAgeRange=[1, 100]]
 Movie [runtime=159.0, credits=[Daniel Radcliffe, Emma Watson, Rupert Grint]]]]
2020-12-11 15:17:53 e720 [INFO] Server has Started
2020-12-11 15:24:20 e720 [DEBUG] Someone Purchased Hot Fuzz
